2022-12-20 00:37:16,428 - d:\taiyangshensanguosha\taiyangshensanguosha\sanguosha1217\extensions\Video2Text\video_converter\file_utils.py[line:14] - INFO: 获取文件名和扩展 D:/taiyangshensanguosha/bao/assets/res/audio/dead/qwe
2022-12-20 00:37:16,490 - d:\taiyangshensanguosha\taiyangshensanguosha\sanguosha1217\extensions\Video2Text\video_converter\voice_utils.py[line:136] - DEBUG: 开始转换 D:/taiyangshensanguosha/bao/assets/res/audio/dead/qwe
2022-12-20 00:39:26,286 - d:\taiyangshensanguosha\taiyangshensanguosha\sanguosha1217\extensions\Video2Text\video_converter\file_utils.py[line:14] - INFO: 获取文件名和扩展 D:/taiyangshensanguosha/bao/assets/res/audio/dead/qwe/die_1.mp3
2022-12-20 00:39:26,296 - d:\taiyangshensanguosha\taiyangshensanguosha\sanguosha1217\extensions\Video2Text\video_converter\voice_utils.py[line:136] - DEBUG: 开始转换 D:/taiyangshensanguosha/bao/assets/res/audio/dead/qwe/die_1.mp3
2022-12-20 00:39:26,302 - d:\taiyangshensanguosha\taiyangshensanguosha\sanguosha1217\extensions\Video2Text\video_converter\voice_utils.py[line:150] - DEBUG: MP3转WAV
2022-12-20 00:39:26,309 - d:\taiyangshensanguosha\taiyangshensanguosha\sanguosha1217\extensions\Video2Text\video_converter\file_utils.py[line:14] - INFO: 获取文件名和扩展 D:/taiyangshensanguosha/bao/assets/res/audio/dead/qwe/die_1.mp3
2022-12-20 00:46:02,586 - d:\taiyangshensanguosha\taiyangshensanguosha\sanguosha1217\extensions\Video2Text\video_converter\file_utils.py[line:14] - INFO: 获取文件名和扩展 D:/taiyangshensanguosha/bao/assets/res/audio/dead/qwe/die_1.mp3
2022-12-20 00:46:02,606 - d:\taiyangshensanguosha\taiyangshensanguosha\sanguosha1217\extensions\Video2Text\video_converter\voice_utils.py[line:136] - DEBUG: 开始转换 D:/taiyangshensanguosha/bao/assets/res/audio/dead/qwe/die_1.mp3
2022-12-20 00:46:02,632 - d:\taiyangshensanguosha\taiyangshensanguosha\sanguosha1217\extensions\Video2Text\video_converter\voice_utils.py[line:150] - DEBUG: MP3转WAV
2022-12-20 00:46:02,667 - d:\taiyangshensanguosha\taiyangshensanguosha\sanguosha1217\extensions\Video2Text\video_converter\file_utils.py[line:14] - INFO: 获取文件名和扩展 D:/taiyangshensanguosha/bao/assets/res/audio/dead/qwe/die_1.mp3
2022-12-20 00:49:37,814 - d:\taiyangshensanguosha\taiyangshensanguosha\sanguosha1217\extensions\Video2Text\video_converter\file_utils.py[line:14] - INFO: 获取文件名和扩展 D:/taiyangshensanguosha/bao/assets/res/audio/dead/qwe/die_1.mp3
2022-12-20 00:49:37,843 - d:\taiyangshensanguosha\taiyangshensanguosha\sanguosha1217\extensions\Video2Text\video_converter\voice_utils.py[line:136] - DEBUG: 开始转换 D:/taiyangshensanguosha/bao/assets/res/audio/dead/qwe/die_1.mp3
2022-12-20 00:49:37,870 - d:\taiyangshensanguosha\taiyangshensanguosha\sanguosha1217\extensions\Video2Text\video_converter\voice_utils.py[line:150] - DEBUG: MP3转WAV
2022-12-20 00:49:37,887 - d:\taiyangshensanguosha\taiyangshensanguosha\sanguosha1217\extensions\Video2Text\video_converter\file_utils.py[line:14] - INFO: 获取文件名和扩展 D:/taiyangshensanguosha/bao/assets/res/audio/dead/qwe/die_1.mp3
2022-12-20 00:51:53,753 - d:\taiyangshensanguosha\taiyangshensanguosha\sanguosha1217\extensions\Video2Text\video_converter\file_utils.py[line:14] - INFO: 获取文件名和扩展 D:/taiyangshensanguosha/bao/assets/res/audio/dead/qwe/die_1.mp3
2022-12-20 00:51:53,763 - d:\taiyangshensanguosha\taiyangshensanguosha\sanguosha1217\extensions\Video2Text\video_converter\voice_utils.py[line:136] - DEBUG: 开始转换 D:/taiyangshensanguosha/bao/assets/res/audio/dead/qwe/die_1.mp3
2022-12-20 00:51:53,777 - d:\taiyangshensanguosha\taiyangshensanguosha\sanguosha1217\extensions\Video2Text\video_converter\voice_utils.py[line:150] - DEBUG: MP3转WAV
2022-12-20 00:51:53,788 - d:\taiyangshensanguosha\taiyangshensanguosha\sanguosha1217\extensions\Video2Text\video_converter\file_utils.py[line:14] - INFO: 获取文件名和扩展 D:/taiyangshensanguosha/bao/assets/res/audio/dead/qwe/die_1.mp3
2022-12-20 12:18:56,081 - d:\taiyangshensanguosha\taiyangshensanguosha\sanguosha1217\extensions\Video2Text\video_converter\file_utils.py[line:14] - INFO: 获取文件名和扩展 D:/taiyangshensanguosha/bao/assets/res/audio/dead/qwe/die_1.mp3
2022-12-20 12:18:56,096 - d:\taiyangshensanguosha\taiyangshensanguosha\sanguosha1217\extensions\Video2Text\video_converter\voice_utils.py[line:136] - DEBUG: 开始转换 D:/taiyangshensanguosha/bao/assets/res/audio/dead/qwe/die_1.mp3
2022-12-20 12:18:56,107 - d:\taiyangshensanguosha\taiyangshensanguosha\sanguosha1217\extensions\Video2Text\video_converter\voice_utils.py[line:150] - DEBUG: MP3转WAV
2022-12-20 12:18:56,132 - d:\taiyangshensanguosha\taiyangshensanguosha\sanguosha1217\extensions\Video2Text\video_converter\file_utils.py[line:14] - INFO: 获取文件名和扩展 D:/taiyangshensanguosha/bao/assets/res/audio/dead/qwe/die_1.mp3
2022-12-20 12:34:48,527 - d:\taiyangshensanguosha\taiyangshensanguosha\sanguosha1217\extensions\Video2Text\video_converter\file_utils.py[line:14] - INFO: 获取文件名和扩展 D:/taiyangshensanguosha/bao/assets/res/audio/dead/qwe/die_1.mp3
2022-12-20 12:34:48,538 - d:\taiyangshensanguosha\taiyangshensanguosha\sanguosha1217\extensions\Video2Text\video_converter\voice_utils.py[line:138] - DEBUG: 开始转换 D:/taiyangshensanguosha/bao/assets/res/audio/dead/qwe/die_1.mp3
2022-12-20 12:34:48,550 - d:\taiyangshensanguosha\taiyangshensanguosha\sanguosha1217\extensions\Video2Text\video_converter\voice_utils.py[line:152] - DEBUG: MP3转WAV
2022-12-20 12:34:48,579 - d:\taiyangshensanguosha\taiyangshensanguosha\sanguosha1217\extensions\Video2Text\video_converter\file_utils.py[line:14] - INFO: 获取文件名和扩展 D:/taiyangshensanguosha/bao/assets/res/audio/dead/qwe/die_1.mp3
2022-12-20 12:36:08,638 - d:\taiyangshensanguosha\taiyangshensanguosha\sanguosha1217\extensions\Video2Text\video_converter\file_utils.py[line:14] - INFO: 获取文件名和扩展 D:/taiyangshensanguosha/bao/assets/res/audio/dead/qwe/die_1.mp3
2022-12-20 12:36:08,681 - d:\taiyangshensanguosha\taiyangshensanguosha\sanguosha1217\extensions\Video2Text\video_converter\voice_utils.py[line:138] - DEBUG: 开始转换 D:/taiyangshensanguosha/bao/assets/res/audio/dead/qwe/die_1.mp3
2022-12-20 12:36:08,777 - d:\taiyangshensanguosha\taiyangshensanguosha\sanguosha1217\extensions\Video2Text\video_converter\voice_utils.py[line:152] - DEBUG: MP3转WAV
2022-12-20 12:36:08,786 - d:\taiyangshensanguosha\taiyangshensanguosha\sanguosha1217\extensions\Video2Text\video_converter\file_utils.py[line:14] - INFO: 获取文件名和扩展 D:/taiyangshensanguosha/bao/assets/res/audio/dead/qwe/die_1.mp3
2022-12-20 12:47:18,669 - d:\taiyangshensanguosha\taiyangshensanguosha\sanguosha1217\extensions\Video2Text\video_converter\file_utils.py[line:14] - INFO: 获取文件名和扩展 D:/taiyangshensanguosha/bao/assets/res/audio/dead/qwe/die_1.mp3
2022-12-20 12:47:18,704 - d:\taiyangshensanguosha\taiyangshensanguosha\sanguosha1217\extensions\Video2Text\video_converter\voice_utils.py[line:139] - DEBUG: 开始转换 D:/taiyangshensanguosha/bao/assets/res/audio/dead/qwe/die_1.mp3
2022-12-20 12:47:18,725 - d:\taiyangshensanguosha\taiyangshensanguosha\sanguosha1217\extensions\Video2Text\video_converter\voice_utils.py[line:153] - DEBUG: MP3转WAV
2022-12-20 12:47:18,760 - d:\taiyangshensanguosha\taiyangshensanguosha\sanguosha1217\extensions\Video2Text\video_converter\file_utils.py[line:14] - INFO: 获取文件名和扩展 D:/taiyangshensanguosha/bao/assets/res/audio/dead/qwe/die_1.mp3
2022-12-20 12:58:04,336 - d:\taiyangshensanguosha\taiyangshensanguosha\sanguosha1217\extensions\Video2Text\video_converter\file_utils.py[line:14] - INFO: 获取文件名和扩展 D:/taiyangshensanguosha/bao/assets/res/audio/dead/qwe/die_1.mp3
2022-12-20 12:58:04,346 - d:\taiyangshensanguosha\taiyangshensanguosha\sanguosha1217\extensions\Video2Text\video_converter\voice_utils.py[line:139] - DEBUG: 开始转换 D:/taiyangshensanguosha/bao/assets/res/audio/dead/qwe/die_1.mp3
2022-12-20 12:58:04,356 - d:\taiyangshensanguosha\taiyangshensanguosha\sanguosha1217\extensions\Video2Text\video_converter\voice_utils.py[line:153] - DEBUG: MP3转WAV
2022-12-20 12:58:04,364 - d:\taiyangshensanguosha\taiyangshensanguosha\sanguosha1217\extensions\Video2Text\video_converter\file_utils.py[line:14] - INFO: 获取文件名和扩展 D:/taiyangshensanguosha/bao/assets/res/audio/dead/qwe/die_1.mp3
2022-12-20 13:02:38,637 - d:\taiyangshensanguosha\taiyangshensanguosha\sanguosha1217\extensions\Video2Text\video_converter\file_utils.py[line:14] - INFO: 获取文件名和扩展 D:/taiyangshensanguosha/bao/assets/res/audio/dead/qwe/die_1.mp3
2022-12-20 13:02:38,669 - d:\taiyangshensanguosha\taiyangshensanguosha\sanguosha1217\extensions\Video2Text\video_converter\voice_utils.py[line:139] - DEBUG: 开始转换 D:/taiyangshensanguosha/bao/assets/res/audio/dead/qwe/die_1.mp3
2022-12-20 13:02:38,681 - d:\taiyangshensanguosha\taiyangshensanguosha\sanguosha1217\extensions\Video2Text\video_converter\voice_utils.py[line:153] - DEBUG: MP3转WAV
2022-12-20 13:02:38,693 - d:\taiyangshensanguosha\taiyangshensanguosha\sanguosha1217\extensions\Video2Text\video_converter\file_utils.py[line:14] - INFO: 获取文件名和扩展 D:/taiyangshensanguosha/bao/assets/res/audio/dead/qwe/die_1.mp3
2022-12-20 13:03:10,380 - d:\taiyangshensanguosha\taiyangshensanguosha\sanguosha1217\extensions\Video2Text\video_converter\file_utils.py[line:14] - INFO: 获取文件名和扩展 D:/taiyangshensanguosha/bao/assets/res/audio/dead/qwe/die_1.mp3
2022-12-20 13:03:10,392 - d:\taiyangshensanguosha\taiyangshensanguosha\sanguosha1217\extensions\Video2Text\video_converter\voice_utils.py[line:139] - DEBUG: 开始转换 D:/taiyangshensanguosha/bao/assets/res/audio/dead/qwe/die_1.mp3
2022-12-20 13:03:10,402 - d:\taiyangshensanguosha\taiyangshensanguosha\sanguosha1217\extensions\Video2Text\video_converter\voice_utils.py[line:153] - DEBUG: MP3转WAV
2022-12-20 13:03:10,431 - d:\taiyangshensanguosha\taiyangshensanguosha\sanguosha1217\extensions\Video2Text\video_converter\file_utils.py[line:14] - INFO: 获取文件名和扩展 D:/taiyangshensanguosha/bao/assets/res/audio/dead/qwe/die_1.mp3
2022-12-20 13:15:45,075 - d:\taiyangshensanguosha\taiyangshensanguosha\sanguosha1217\extensions\Video2Text\video_converter\file_utils.py[line:14] - INFO: 获取文件名和扩展 D:/taiyangshensanguosha/bao/assets/res/audio/dead/qwe/die_1.mp3
2022-12-20 13:15:45,130 - d:\taiyangshensanguosha\taiyangshensanguosha\sanguosha1217\extensions\Video2Text\video_converter\voice_utils.py[line:139] - DEBUG: 开始转换 D:/taiyangshensanguosha/bao/assets/res/audio/dead/qwe/die_1.mp3
2022-12-20 13:15:45,272 - d:\taiyangshensanguosha\taiyangshensanguosha\sanguosha1217\extensions\Video2Text\video_converter\voice_utils.py[line:153] - DEBUG: MP3转WAV
2022-12-20 13:15:45,283 - d:\taiyangshensanguosha\taiyangshensanguosha\sanguosha1217\extensions\Video2Text\video_converter\file_utils.py[line:14] - INFO: 获取文件名和扩展 D:/taiyangshensanguosha/bao/assets/res/audio/dead/qwe/die_1.mp3
2022-12-20 13:16:04,796 - d:\taiyangshensanguosha\taiyangshensanguosha\sanguosha1217\extensions\Video2Text\video_converter\file_utils.py[line:14] - INFO: 获取文件名和扩展 D:/taiyangshensanguosha/bao/assets/res/audio/dead/qwe/die_1.mp3
2022-12-20 13:16:04,806 - d:\taiyangshensanguosha\taiyangshensanguosha\sanguosha1217\extensions\Video2Text\video_converter\voice_utils.py[line:136] - DEBUG: 开始转换 D:/taiyangshensanguosha/bao/assets/res/audio/dead/qwe/die_1.mp3
2022-12-20 13:16:04,813 - d:\taiyangshensanguosha\taiyangshensanguosha\sanguosha1217\extensions\Video2Text\video_converter\voice_utils.py[line:150] - DEBUG: MP3转WAV
2022-12-20 13:16:04,829 - d:\taiyangshensanguosha\taiyangshensanguosha\sanguosha1217\extensions\Video2Text\video_converter\file_utils.py[line:14] - INFO: 获取文件名和扩展 D:/taiyangshensanguosha/bao/assets/res/audio/dead/qwe/die_1.mp3
2022-12-20 13:17:49,172 - d:\taiyangshensanguosha\taiyangshensanguosha\sanguosha1217\extensions\Video2Text\video_converter\file_utils.py[line:14] - INFO: 获取文件名和扩展 D:/taiyangshensanguosha/bao/assets/res/audio/dead/qwe/die_1.mp3
2022-12-20 13:17:49,181 - d:\taiyangshensanguosha\taiyangshensanguosha\sanguosha1217\extensions\Video2Text\video_converter\voice_utils.py[line:136] - DEBUG: 开始转换 D:/taiyangshensanguosha/bao/assets/res/audio/dead/qwe/die_1.mp3
2022-12-20 13:17:49,189 - d:\taiyangshensanguosha\taiyangshensanguosha\sanguosha1217\extensions\Video2Text\video_converter\voice_utils.py[line:150] - DEBUG: MP3转WAV
2022-12-20 13:17:49,236 - d:\taiyangshensanguosha\taiyangshensanguosha\sanguosha1217\extensions\Video2Text\video_converter\file_utils.py[line:14] - INFO: 获取文件名和扩展 D:/taiyangshensanguosha/bao/assets/res/audio/dead/qwe/die_1.mp3
